2024-11-25:16:37:24CET * 0 * information * 0x5629fda8a9c0 * KIM_LogImplementation.cpp:107 * Log object created.  Default verbosity level is 'information'.
2024-11-25:16:37:24CET * 1 * error * 0x5629fda8a9c0 * KIM_CollectionsImplementation.cpp:737 * Unable to find item.
2024-11-25:16:37:24CET * 2 * information * 0x5629fda8a9c0 * KIM_LogImplementation.cpp:119 * Log object destroyed.
2024-11-25:16:38:07CET * 0 * information * 0x55b9b3b27260 * KIM_LogImplementation.cpp:107 * Log object created.  Default verbosity level is 'information'.
2024-11-25:16:38:07CET * 1 * information * 0x55b9b3b27260 * KIM_LogImplementation.cpp:119 * Log object destroyed.
2024-11-25:16:38:07CET * 0 * information * 0x55b9b3b27260 * KIM_LogImplementation.cpp:107 * Log object created.  Default verbosity level is 'information'.
2024-11-25:16:38:07CET * 0 * information * 0x55b9b3b27c90 * KIM_LogImplementation.cpp:107 * Log object created.  Default verbosity level is 'information'.
2024-11-25:16:38:07CET * 1 * information * 0x55b9b3b27c90 * KIM_LogImplementation.cpp:242 * Log object renamed.  ID changed to '0x55b9b3b27260_Collections'.
2024-11-25:16:38:07CET * 2 * information * 0x55b9b3b27260_Collections * KIM_LogImplementation.cpp:246 * Log object renamed.  ID changed from '0x55b9b3b27c90'.
2024-11-25:16:38:07CET * 1 * warning * 0x55b9b3b27260 * KIM_ModelImplementation.cpp:870 * Use of the GetParameterFileName(0, 0x7ffd61eb92e0). function is deprecated. Please use GetParameterFileBasename() instead.
2024-11-25:16:38:07CET * 3 * information * 0x55b9b3b27260_Collections * KIM_LogImplementation.cpp:119 * Log object destroyed.
2024-11-25:16:38:07CET * 0 * information * 0x55b9b2c28d80 * KIM_LogImplementation.cpp:107 * Log object created.  Default verbosity level is 'information'.
2024-11-25:16:38:07CET * 1 * information * 0x55b9b2c28d80 * KIM_LogImplementation.cpp:242 * Log object renamed.  ID changed to '0x55b9b3b27260_0x55b9b2c28d80'.
2024-11-25:16:38:07CET * 2 * information * 0x55b9b3b27260_0x55b9b2c28d80 * KIM_LogImplementation.cpp:246 * Log object renamed.  ID changed from '0x55b9b2c28d80'.
2024-11-25:16:38:07CET * 3 * information * 0x55b9b3b27260_0x55b9b2c28d80 * EAM_Implementation.cpp:1561 * Register argument supportStatus
2024-11-25:16:38:07CET * 4 * information * 0x55b9b3b27260_0x55b9b2c28d80 * EAM_Implementation.cpp:1580 * Register callback supportStatus
2024-11-25:16:38:09CET * 0 * information * 0x55b9b3b27260_0x55b9b2c28d80 * KIM_LogImplementation.cpp:119 * Log object destroyed.
2024-11-25:16:38:09CET * 0 * information * 0x55b9b3b27260 * KIM_LogImplementation.cpp:119 * Log object destroyed.
2024-11-25:16:38:30CET * 0 * information * 0x56354604e770 * KIM_LogImplementation.cpp:107 * Log object created.  Default verbosity level is 'information'.
2024-11-25:16:38:30CET * 1 * information * 0x56354604e770 * KIM_LogImplementation.cpp:119 * Log object destroyed.
2024-11-25:16:38:30CET * 0 * information * 0x56354604e770 * KIM_LogImplementation.cpp:107 * Log object created.  Default verbosity level is 'information'.
2024-11-25:16:38:30CET * 0 * information * 0x56354604f1a0 * KIM_LogImplementation.cpp:107 * Log object created.  Default verbosity level is 'information'.
2024-11-25:16:38:30CET * 1 * information * 0x56354604f1a0 * KIM_LogImplementation.cpp:242 * Log object renamed.  ID changed to '0x56354604e770_Collections'.
2024-11-25:16:38:30CET * 2 * information * 0x56354604e770_Collections * KIM_LogImplementation.cpp:246 * Log object renamed.  ID changed from '0x56354604f1a0'.
2024-11-25:16:38:30CET * 1 * warning * 0x56354604e770 * KIM_ModelImplementation.cpp:870 * Use of the GetParameterFileName(0, 0x7ffea9a9b5a0). function is deprecated. Please use GetParameterFileBasename() instead.
2024-11-25:16:38:30CET * 3 * information * 0x56354604e770_Collections * KIM_LogImplementation.cpp:119 * Log object destroyed.
2024-11-25:16:38:30CET * 0 * information * 0x563546050420 * KIM_LogImplementation.cpp:107 * Log object created.  Default verbosity level is 'information'.
2024-11-25:16:38:30CET * 1 * information * 0x563546050420 * KIM_LogImplementation.cpp:242 * Log object renamed.  ID changed to '0x56354604e770_0x563546050420'.
2024-11-25:16:38:30CET * 2 * information * 0x56354604e770_0x563546050420 * KIM_LogImplementation.cpp:246 * Log object renamed.  ID changed from '0x563546050420'.
2024-11-25:16:38:30CET * 3 * information * 0x56354604e770_0x563546050420 * EAM_Implementation.cpp:1561 * Register argument supportStatus
2024-11-25:16:38:30CET * 4 * information * 0x56354604e770_0x563546050420 * EAM_Implementation.cpp:1580 * Register callback supportStatus
2024-11-25:16:38:32CET * 0 * information * 0x56354604e770_0x563546050420 * KIM_LogImplementation.cpp:119 * Log object destroyed.
2024-11-25:16:38:32CET * 0 * information * 0x56354604e770 * KIM_LogImplementation.cpp:119 * Log object destroyed.
